<?xml version="1.0" encoding="UTF-8"?>
<config>
    <level value="ERROR"/>
    <servers>
        <server>mtsplit01t</server>
    </servers>
    <daemons>
        <daemon>filterd</daemon>
    </daemons>
</config>