<?xml version="1.0" encoding="UTF-8"?>
<config>
    <level value="ERROR"/>
    <servers>
        <server>metrika-test</server>
    </servers>
    <daemons>
        <daemon>faced</daemon>
        <daemon>proxyd</daemon>
    </daemons>
</config>