<testsuite errors="0" failures="0" name="pytest" skips="1" tests="17"
           time="1.753">
    <testcase classname="services.blender.testsuite.tests_blender.test_service"
              file="services/blender/testsuite/tests_blender/test_service.py"
              line="3" name="test_ping" time="0.3694422245025635">
        <properties>
            <property name="loop_setup_time" value="0.00039928872138261795"/>
        </properties>
    </testcase>
    <testcase
            classname="services.blender.testsuite.tests_blender.test_shortcuts_grid"
            file="services/blender/testsuite/tests_blender/test_shortcuts_grid.py"
            line="16" name="test_baseline_shortcuts_grid"
            time="0.07006382942199707">
        <properties>
            <property name="_mockserver_trace_id_setup_time"
                      value="0.00015580281615257263"/>
            <property name="mockserver_setup_time"
                      value="6.652809679508209e-05"/>
            <property name="total_setup_time"
                      value="999999"/>
            <property name="total_teardown_time"
                      value="999999"/>
        </properties>
    </testcase>
    <testcase
            classname="services.blender.testsuite.tests_blender.test_shortcuts_grid"
            file="services/blender/testsuite/tests_blender/test_shortcuts_grid.py"
            line="263" name="test_single_shortcut" time="0.040299177169799805">
        <properties>
            <property name="_mockserver_trace_id_setup_time"
                      value="8.387770503759384e-05"/>
            <property name="mockserver_setup_time"
                      value="4.276912659406662e-05"/>
            <property name="static_dir_setup_time"
                      value="3.957469016313553e-05"/>
        </properties>
    </testcase>
</testsuite>
