<testsuite errors="0" failures="0" name="pytest" skips="0" tests="2"
           time="0.734">
    <testcase
            classname="services.documents.testsuite.tests_documents.test_service"
            file="services/documents/testsuite/tests_documents/test_service.py"
            line="4" name="test_ping" time="0.28219056129455566">
        <properties>
            <property name="loop_setup_time" value="0.0004555918276309967"/>
            <property name="_global_daemon_store_setup_time"
                      value="0.0005530631169676781"/>
            <property name="register_daemon_scope_setup_time"
                      value="3.489106893539429e-05"/>
            <property name="pytestconfig_setup_time"
                      value="2.4271197617053986e-05"/>
            <property name="service_spawner_setup_time"
                      value="3.8273632526397705e-05"/>
            <property name="testsuite_logger_setup_time"
                      value="2.155359834432602e-05"/>
            <property name="userver_service_spawner_setup_time"
                      value="2.402905374765396e-05"/>
            <property name="worker_id_setup_time" value="2.86223366856575e-05"/>
            <property name="_mockserver_reporter_setup_time"
                      value="2.127327024936676e-05"/>
            <property name="_mockserver_setup_time"
                      value="0.0007842490449547768"/>
            <property name="some another property"
                      value="This is not float"/>
        </properties>
    </testcase>
    <testcase
            classname="services.documents.testsuite.tests_documents.test_service"
            file="services/documents/testsuite/tests_documents/test_service.py"
            line="13" name="test_incremental_cache_update"
            time="0.3336033821105957">
        <properties>
            <property name="_mockserver_trace_id_setup_time"
                      value="9.286217391490936e-05"/>
            <property name="mockserver_setup_time"
                      value="5.418248474597931e-05"/>
            <property name="static_dir_setup_time"
                      value="4.69675287604332e-05"/>
        </properties>
    </testcase>
</testsuite>
