<BUILD-STUB>
    <entry id="k50dev.ru"      type="session"/>  <!-- should be 'mda': PASSP-37524 -->
    <entry id="k50wldev.ru"    type="session"/>  <!-- should be 'mda': PASSP-37524 -->
    <entry id="toloka-test.ai" type="session" mda="yes"/>
</BUILD-STUB>
