<BUILD-STUB>
    <serve_guard_spaces>
        <guard_space id="1000" name="guard_passport" hostnames="passportdev;passportdev2;passport-test" enable_rate="100"/>
        <guard_space id="1001" name="guard_oauth" hostnames="oauth-dev-trusty;oauthdev;oauth-test" enable_rate="0" need_reset_rate="0"/>
        <guard_space id="997" name="guard_test_1" hostnames="qa-sessguard-test-enabled;qa-sessguard-test-1" enable_rate="100"/>
        <guard_space id="998" name="guard_test_2" hostnames="qa-sessguard-test-2" enable_rate="100"/>
        <guard_space id="999" name="guard_test_dryrun" hostnames="qa-sessguard-test-dryrun" enable_rate="0" need_reset_rate="0"/>
    </serve_guard_spaces>

    <reg_completion_recommended>
        <lrcs_ttl>86400</lrcs_ttl>
    </reg_completion_recommended>
</BUILD-STUB>
